mode: set
github.com/pivotalservices/gtils/persistence/execute_list.go:9.75,12.38 2 1
github.com/pivotalservices/gtils/persistence/execute_list.go:18.2,18.8 1 1
github.com/pivotalservices/gtils/persistence/execute_list.go:12.38,14.64 1 1
github.com/pivotalservices/gtils/persistence/execute_list.go:14.64,15.9 1 1
github.com/pivotalservices/gtils/persistence/mysqldump.go:30.61,38.2 2 0
github.com/pivotalservices/gtils/persistence/mysqldump.go:40.98,49.2 2 0
github.com/pivotalservices/gtils/persistence/mysqldump.go:51.57,53.53 1 1
github.com/pivotalservices/gtils/persistence/mysqldump.go:56.2,56.8 1 1
github.com/pivotalservices/gtils/persistence/mysqldump.go:53.53,55.3 1 1
github.com/pivotalservices/gtils/persistence/mysqldump.go:59.54,62.2 2 1
github.com/pivotalservices/gtils/persistence/mysqldump.go:64.43,71.2 3 1
github.com/pivotalservices/gtils/persistence/mysqldump.go:73.47,75.2 1 1
github.com/pivotalservices/gtils/persistence/mysqldump.go:77.46,79.2 1 1
github.com/pivotalservices/gtils/persistence/mysqldump.go:81.45,83.2 1 1
github.com/pivotalservices/gtils/persistence/mysqldump.go:85.58,92.2 1 1
github.com/pivotalservices/gtils/persistence/pgdump.go:30.82,39.2 1 0
github.com/pivotalservices/gtils/persistence/pgdump.go:41.112,53.2 2 0
github.com/pivotalservices/gtils/persistence/pgdump.go:55.54,57.53 1 1
github.com/pivotalservices/gtils/persistence/pgdump.go:60.2,60.8 1 1
github.com/pivotalservices/gtils/persistence/pgdump.go:57.53,59.3 1 1
github.com/pivotalservices/gtils/persistence/pgdump.go:63.40,71.2 3 1
github.com/pivotalservices/gtils/persistence/pgdump.go:73.42,76.2 2 1
github.com/pivotalservices/gtils/persistence/pgdump.go:78.44,81.2 2 1
github.com/pivotalservices/gtils/persistence/pgdump.go:83.44,86.2 2 1
github.com/pivotalservices/gtils/persistence/pgdump.go:88.51,91.2 2 1
github.com/pivotalservices/gtils/persistence/pgdump.go:93.60,102.2 1 1
github.com/pivotalservices/gtils/persistence/pgdump.go:104.42,106.2 1 1
github.com/pivotalservices/gtils/persistence/remote_operations.go:17.70,19.2 1 0
github.com/pivotalservices/gtils/persistence/remote_operations.go:25.68,28.48 2 0
github.com/pivotalservices/gtils/persistence/remote_operations.go:32.2,32.8 1 0
github.com/pivotalservices/gtils/persistence/remote_operations.go:28.48,31.3 2 0
github.com/pivotalservices/gtils/persistence/remote_operations.go:35.78,48.114 3 0
github.com/pivotalservices/gtils/persistence/remote_operations.go:54.2,54.8 1 0
github.com/pivotalservices/gtils/persistence/remote_operations.go:48.114,50.60 1 0
github.com/pivotalservices/gtils/persistence/remote_operations.go:50.60,52.4 1 0
