mode: set
github.com/pivotalservices/gtils/osutils/file.go:18.84,25.56 4 1
github.com/pivotalservices/gtils/osutils/file.go:28.2,28.8 1 1
github.com/pivotalservices/gtils/osutils/file.go:25.56,27.3 1 1
github.com/pivotalservices/gtils/osutils/file.go:35.70,37.21 1 1
github.com/pivotalservices/gtils/osutils/file.go:48.2,48.8 1 1
github.com/pivotalservices/gtils/osutils/file.go:37.21,40.27 2 1
github.com/pivotalservices/gtils/osutils/file.go:44.3,44.17 1 1
github.com/pivotalservices/gtils/osutils/file.go:40.27,42.4 1 1
github.com/pivotalservices/gtils/osutils/file.go:44.17,46.4 1 1
github.com/pivotalservices/gtils/osutils/file.go:51.57,54.51 2 1
github.com/pivotalservices/gtils/osutils/file.go:57.2,57.8 1 1
github.com/pivotalservices/gtils/osutils/file.go:54.51,56.3 1 1
github.com/pivotalservices/gtils/osutils/file.go:61.60,64.14 2 1
github.com/pivotalservices/gtils/osutils/file.go:67.2,67.21 1 1
github.com/pivotalservices/gtils/osutils/file.go:64.14,66.3 1 0
github.com/pivotalservices/gtils/osutils/file.go:70.46,73.7 3 1
github.com/pivotalservices/gtils/osutils/file.go:78.2,79.18 2 1
github.com/pivotalservices/gtils/osutils/file.go:73.7,75.3 1 1
github.com/pivotalservices/gtils/osutils/file.go:82.40,84.16 2 1
github.com/pivotalservices/gtils/osutils/file.go:87.2,87.24 1 1
github.com/pivotalservices/gtils/osutils/file.go:90.2,90.19 1 0
github.com/pivotalservices/gtils/osutils/file.go:84.16,86.3 1 1
github.com/pivotalservices/gtils/osutils/file.go:87.24,89.3 1 1
